BODY(body)
LB({)
COMMENT(//Headers
)
H1(heading1)
ID(h1)
EQ(=)
VALUE("This is a test")
SEMICOLON(;)
STYLE(style)
LP(()
ID(h1)
RP())
LB({)
COLOR(color)
EQ(=)
VALUE(RED)
SEMICOLON(;)
ALIGNMENT(alignment)
EQ(=)
VALUE(CENTER)
SEMICOLON(;)
FONT(font)
EQ(=)
VALUE(COURIER)
SEMICOLON(;)
RB(})
SEMICOLON(;)
H2(heading2)
ID(h2)
EQ(=)
VALUE("Another test")
SEMICOLON(;)
COMMENT(//Paragraphs
)
PARAGRAPH(paragraph)
ID(myParagraph)
EQ(=)
VALUE("This is a paragraph!")
SEMICOLON(;)
STYLE(style)
LP(()
ID(myParagraph)
RP())
LB({)
COLOR(color)
EQ(=)
VALUE(BLUE)
SEMICOLON(;)
BOLD(isBold)
EQ(=)
VALUE(1)
SEMICOLON(;)
COMMENT(//Makes text bold
)
RB(})
SEMICOLON(;)
COMMENT(//HTML Links (Hyperlinks)
)
LINK(link)
ID(myLink)
EQ(=)
LP(()
VALUE("http://www.google.com")
VALUE("This is Google!")
RP())
SEMICOLON(;)
COMMENT(//Images
)
IMAGE(image)
ID(testImage)
EQ(=)
LP(()
VALUE("http://www.uprm.edu/wdt/resources/portico1.gif")
VALUE(100)
VALUE(100)
VALUE("http://www.uprm.edu")
RP())
SEMICOLON(;)
COMMENT(//Source file name (or URL), width, height, link (if any)
)
RB(})
SEMICOLON(;)
